<?xml version="1.0" encoding="UTF-8"?>
<!-- Generated by org.testng.reporters.JUnitXMLReporter -->
<testsuite hostname="INAS-LP024" ignored="0" name="Test Maven testing" tests="3" failures="0" timestamp="20 Sep 2018 14:35:26 GMT" time="0.023" errors="0">
  <testcase name="minus" time="0.004" classname="com.qa.tests.test1"/>
  <testcase name="sum" time="0.0" classname="com.qa.tests.test1"/>
  <testcase name="sum" time="0.0" classname="com.qa.tests.test2"/>
</testsuite> <!-- Test Maven testing -->
