<?xml version="1.0" encoding="UTF-8"?>
<!-- Generated by org.testng.reporters.JUnitXMLReporter -->
<testsuite hostname="INAS-LP024" ignored="0" name="Test Maven testing" tests="5" failures="0" timestamp="25 Sep 2018 08:03:15 GMT" time="16.375" errors="0">
  <testcase name="minus" time="0.005" classname="com.qa.tests.test1"/>
  <testcase name="sum" time="0.0" classname="com.qa.tests.test1"/>
  <testcase name="sum" time="0.0" classname="com.qa.tests.test2"/>
  <testcase name="firefoxbrowser" time="10.286" classname="com.qa.tests.launchbrowsers"/>
  <testcase name="iebowser" time="6.065" classname="com.qa.tests.launchbrowsers"/>
</testsuite> <!-- Test Maven testing -->
